<?xml version="1.0" encoding="UTF-8"?>
<!-- Generated by org.testng.reporters.JUnitReportReporter -->
<testsuite hostname="Sumedha-Wani" name="com.dias.steps.UserRegister" tests="1" failures="0" timestamp="4 Feb 2020 09:22:53 GMT" time="19.288" errors="0">
  <testcase name="RegisterUser" time="19.288" classname="com.dias.steps.UserRegister"/>
</testsuite> <!-- com.dias.steps.UserRegister -->
