<?xml version="1.0" encoding="UTF-8"?>
<!-- Generated by org.testng.reporters.JUnitReportReporter -->
<testsuite hostname="Sumedha-Wani" name="com.dias.steps.ChatWind" tests="1" failures="0" timestamp="31 Jan 2020 14:26:06 GMT" time="30.816" errors="0">
  <testcase name="chat" time="30.816" classname="com.dias.steps.ChatWind"/>
</testsuite> <!-- com.dias.steps.ChatWind -->
