<?xml version="1.0" encoding="UTF-8"?>
<!-- Generated by org.testng.reporters.JUnitReportReporter -->
<testsuite hostname="Sumedha-Wani" name="com.dias.steps.ReadExcel" tests="1" failures="0" timestamp="30 Jan 2020 08:28:55 GMT" time="0.332" errors="0">
  <testcase name="rexcel" time="0.332" classname="com.dias.steps.ReadExcel"/>
</testsuite> <!-- com.dias.steps.ReadExcel -->
